GROUP,PACKAGE,CLASS,INSTRUCTION_MISSED,INSTRUCTION_COVERED,BRANCH_MISSED,BRANCH_COVERED,LINE_MISSED,LINE_COVERED,COMPLEXITY_MISSED,COMPLEXITY_COVERED,METHOD_MISSED,METHOD_COVERED
Cf-OSCORE,org.eclipse.californium.oscore.group,OneKeyDecoder,83,162,15,13,29,41,13,8,3,4
Cf-OSCORE,org.eclipse.californium.oscore.group,SharedSecretCalculation,44,572,0,12,10,110,2,16,2,10
Cf-OSCORE,org.eclipse.californium.oscore.group,GroupSenderCtx,276,119,0,6,59,27,16,14,16,11
Cf-OSCORE,org.eclipse.californium.oscore.group,GroupDynamicContextDerivation,7,94,1,5,3,21,2,4,1,2
Cf-OSCORE,org.eclipse.californium.oscore.group,GroupCtx,144,693,18,38,27,157,19,36,3,21
Cf-OSCORE,org.eclipse.californium.oscore.group,GroupRecipientCtx,73,80,1,3,15,21,6,13,5,12
Cf-OSCORE,org.eclipse.californium.oscore.group,MultiKey,181,77,22,4,39,21,15,6,3,5
Cf-OSCORE,org.eclipse.californium.oscore.group,OptionEncoder,3,60,0,4,1,14,1,7,1,5
Cf-OSCORE,org.eclipse.californium.oscore.group,KeyRemapping,3,408,0,2,1,82,1,16,1,15
Cf-OSCORE,org.eclipse.californium.oscore.group,SharedSecretCalculation.Tuple,0,31,0,0,0,6,0,1,0,1
Cf-OSCORE,org.eclipse.californium.cose,ASN1.TagValue,0,18,0,0,0,8,0,2,0,2
Cf-OSCORE,org.eclipse.californium.cose,AlgorithmID,10,586,2,4,1,53,2,7,0,6
Cf-OSCORE,org.eclipse.californium.cose,EncryptCommon,291,408,34,32,66,105,31,19,2,13
Cf-OSCORE,org.eclipse.californium.cose,MAC0Message,158,0,18,0,28,0,14,0,5,0
Cf-OSCORE,org.eclipse.californium.cose,KeySet,51,0,2,0,15,0,6,0,5,0
Cf-OSCORE,org.eclipse.californium.cose,Message,215,49,29,1,49,16,28,6,10,6
Cf-OSCORE,org.eclipse.californium.cose,SignMessage,293,0,32,0,59,0,26,0,10,0
Cf-OSCORE,org.eclipse.californium.cose,Signer,375,136,53,5,76,35,38,7,9,7
Cf-OSCORE,org.eclipse.californium.cose,Sign1Message,284,0,32,0,54,0,23,0,7,0
Cf-OSCORE,org.eclipse.californium.cose,Attribute,111,138,15,17,26,30,23,15,11,10
Cf-OSCORE,org.eclipse.californium.cose,EncryptMessage,236,136,34,12,38,39,25,8,4,6
Cf-OSCORE,org.eclipse.californium.cose,Recipient,1003,742,135,60,168,154,104,26,8,13
Cf-OSCORE,org.eclipse.californium.cose,CoseException,4,5,0,0,2,2,1,1,1,1
Cf-OSCORE,org.eclipse.californium.cose,OneKey,719,938,130,70,151,223,102,33,8,20
Cf-OSCORE,org.eclipse.californium.cose,SignCommon,85,232,7,23,20,78,10,15,3,4
Cf-OSCORE,org.eclipse.californium.cose,MessageTag,27,89,4,0,3,11,3,2,1,2
Cf-OSCORE,org.eclipse.californium.cose,Encrypt0Message,148,23,20,0,32,9,13,3,3,3
Cf-OSCORE,org.eclipse.californium.cose,MacCommon,373,0,32,0,85,0,24,0,6,0
Cf-OSCORE,org.eclipse.californium.cose,CounterSign,79,0,4,0,26,0,11,0,9,0
Cf-OSCORE,org.eclipse.californium.cose,ASN1,286,999,50,50,28,137,42,24,1,15
Cf-OSCORE,org.eclipse.californium.cose,MACMessage,394,0,50,0,82,0,34,0,9,0
Cf-OSCORE,org.eclipse.californium.cose,CounterSign1,37,34,4,2,13,10,7,3,4,3
Cf-OSCORE,org.eclipse.californium.cose,KeyKeys,0,189,0,0,0,28,0,3,0,3
Cf-OSCORE,org.eclipse.californium.cose,HeaderKeys,0,236,0,0,0,25,0,3,0,3
Cf-OSCORE,org.eclipse.californium.oscore,Utility,359,0,12,0,110,0,13,0,7,0
Cf-OSCORE,org.eclipse.californium.oscore,RequestDecryptor,42,162,2,12,12,42,3,7,1,2
Cf-OSCORE,org.eclipse.californium.oscore,ObjectSecurityContextLayer.1.new Runnable() {...},0,31,0,0,0,4,0,2,0,2
Cf-OSCORE,org.eclipse.californium.oscore,HashMapCtxDB,186,435,23,51,43,117,19,40,1,21
Cf-OSCORE,org.eclipse.californium.oscore,InstallCryptoProviders,68,0,0,0,18,0,6,0,6,0
Cf-OSCORE,org.eclipse.californium.oscore,ContextRederivation,44,537,7,43,15,162,8,34,1,12
Cf-OSCORE,org.eclipse.californium.oscore,ObjectSecurityLayer,152,529,32,64,40,126,30,37,2,17
Cf-OSCORE,org.eclipse.californium.oscore,OSCoreEndpointContextInfo.OSCoreEndpointContextOperator,0,11,0,0,0,4,0,2,0,2
Cf-OSCORE,org.eclipse.californium.oscore,ObjectSecurityContextLayer.new MessageObserverAdapter() {...},39,37,2,2,15,7,8,2,6,2
Cf-OSCORE,org.eclipse.californium.oscore,ObjectSecurityContextLayer.new Runnable() {...},0,20,0,0,0,3,0,2,0,2
Cf-OSCORE,org.eclipse.californium.oscore,ContextRederivation.PHASE,0,94,0,0,0,2,0,1,0,1
Cf-OSCORE,org.eclipse.californium.oscore,OSException,0,4,0,0,0,2,0,1,0,1
Cf-OSCORE,org.eclipse.californium.oscore,OSCoreCoapStackFactory,14,38,1,5,1,11,1,6,0,4
Cf-OSCORE,org.eclipse.californium.oscore,OSCoreCtx,311,961,28,65,72,223,31,81,10,55
Cf-OSCORE,org.eclipse.californium.oscore,ResponseEncryptor,30,107,7,17,5,29,8,7,1,2
Cf-OSCORE,org.eclipse.californium.oscore,ObjectSecurityLayer.new MessageObserverAdapter() {...},0,47,0,2,0,7,0,3,0,2
Cf-OSCORE,org.eclipse.californium.oscore,OSCoreEndpointContextInfo,3,92,0,2,1,22,1,7,1,6
Cf-OSCORE,org.eclipse.californium.oscore,ObjectSecurityContextLayer,117,254,17,25,30,60,14,14,0,7
Cf-OSCORE,org.eclipse.californium.oscore,ResponseDecryptor,35,157,5,19,8,43,6,9,1,2
Cf-OSCORE,org.eclipse.californium.oscore,OSCoreResource,16,26,2,2,5,9,3,2,1,2
Cf-OSCORE,org.eclipse.californium.oscore,CoapOSException,0,10,0,0,0,4,0,2,0,2
Cf-OSCORE,org.eclipse.californium.oscore,OSCoreStack,0,53,0,0,0,5,0,1,0,1
Cf-OSCORE,org.eclipse.californium.oscore,RequestEncryptor,26,86,4,10,5,21,5,5,1,2
Cf-OSCORE,org.eclipse.californium.oscore,CoapOSExceptionHandler,53,58,9,5,17,17,8,3,2,2
Cf-OSCORE,org.eclipse.californium.oscore,ByteId,9,4,0,0,1,2,1,1,1,1
Cf-OSCORE,org.eclipse.californium.oscore,OSSerializer,29,482,9,53,8,118,10,30,1,8
Cf-OSCORE,org.eclipse.californium.oscore,Encryptor,64,690,9,71,25,166,9,43,1,11
Cf-OSCORE,org.eclipse.californium.oscore,OptionJuggle,64,569,17,46,15,150,17,33,1,17
Cf-OSCORE,org.eclipse.californium.oscore,Decryptor,141,704,12,52,41,162,13,30,2,9
